C:\Program Files (x86)\Microsoft Visual Studio\2017\Enterprise\Common7\IDE\VC\VCTargets\Microsoft.CppBuild.targets(387,5): warning MSB8028: The intermediate directory (Debug\) contains files shared from another project (Framework.vcxproj).  This can lead to incorrect clean and rebuild behavior.
  game.cpp
c:\users\pascal\desktop\sdl tower defense\sdl-tower-defense\source\framework\game.h(20): warning C4067: unexpected tokens following preprocessor directive - expected a newline
c:\users\pascal\desktop\sdl tower defense\sdl-tower-defense\source\framework\game.h(22): warning C4067: unexpected tokens following preprocessor directive - expected a newline
c:\users\pascal\desktop\sdl tower defense\sdl-tower-defense\source\framework\audiomanager.h(3): warning C4067: unexpected tokens following preprocessor directive - expected a newline
c:\users\pascal\desktop\sdl tower defense\sdl-tower-defense\source\framework\game.cpp(73): warning C4244: 'argument': conversion from 'time_t' to 'unsigned int', possible loss of data
c:\users\pascal\desktop\sdl tower defense\sdl-tower-defense\source\framework\game.cpp(122): warning C4244: 'argument': conversion from 'float' to 'int', possible loss of data
c:\users\pascal\desktop\sdl tower defense\sdl-tower-defense\source\framework\game.cpp(126): warning C4244: 'argument': conversion from 'float' to 'int', possible loss of data
c:\users\pascal\desktop\sdl tower defense\sdl-tower-defense\source\framework\game.cpp(130): warning C4244: 'argument': conversion from 'float' to 'int', possible loss of data
c:\users\pascal\desktop\sdl tower defense\sdl-tower-defense\source\framework\game.cpp(135): warning C4244: 'argument': conversion from 'float' to 'int', possible loss of data
c:\users\pascal\desktop\sdl tower defense\sdl-tower-defense\source\framework\game.cpp(141): warning C4244: 'argument': conversion from 'float' to 'int', possible loss of data
c:\users\pascal\desktop\sdl tower defense\sdl-tower-defense\source\framework\game.cpp(146): warning C4244: 'argument': conversion from 'float' to 'int', possible loss of data
c:\users\pascal\desktop\sdl tower defense\sdl-tower-defense\source\framework\game.cpp(151): warning C4244: 'argument': conversion from 'float' to 'int', possible loss of data
c:\users\pascal\desktop\sdl tower defense\sdl-tower-defense\source\framework\game.cpp(156): warning C4244: 'argument': conversion from 'float' to 'int', possible loss of data
c:\users\pascal\desktop\sdl tower defense\sdl-tower-defense\source\framework\game.cpp(161): warning C4244: 'argument': conversion from 'float' to 'int', possible loss of data
c:\users\pascal\desktop\sdl tower defense\sdl-tower-defense\source\framework\game.cpp(166): warning C4244: 'argument': conversion from 'float' to 'int', possible loss of data
c:\users\pascal\desktop\sdl tower defense\sdl-tower-defense\source\framework\game.cpp(171): warning C4244: 'argument': conversion from 'float' to 'int', possible loss of data
c:\users\pascal\desktop\sdl tower defense\sdl-tower-defense\source\framework\game.cpp(176): warning C4244: 'argument': conversion from 'float' to 'int', possible loss of data
c:\users\pascal\desktop\sdl tower defense\sdl-tower-defense\source\framework\game.cpp(182): warning C4244: 'argument': conversion from 'float' to 'int', possible loss of data
c:\users\pascal\desktop\sdl tower defense\sdl-tower-defense\source\framework\game.cpp(187): warning C4244: 'argument': conversion from 'float' to 'int', possible loss of data
c:\users\pascal\desktop\sdl tower defense\sdl-tower-defense\source\framework\game.cpp(188): warning C4244: 'argument': conversion from 'float' to 'int', possible loss of data
c:\users\pascal\desktop\sdl tower defense\sdl-tower-defense\source\framework\game.cpp(191): warning C4244: 'argument': conversion from 'float' to 'int', possible loss of data
c:\users\pascal\desktop\sdl tower defense\sdl-tower-defense\source\framework\game.cpp(192): warning C4244: 'argument': conversion from 'float' to 'int', possible loss of data
c:\users\pascal\desktop\sdl tower defense\sdl-tower-defense\source\framework\game.cpp(195): warning C4244: 'argument': conversion from 'float' to 'int', possible loss of data
c:\users\pascal\desktop\sdl tower defense\sdl-tower-defense\source\framework\game.cpp(196): warning C4244: 'argument': conversion from 'float' to 'int', possible loss of data
c:\users\pascal\desktop\sdl tower defense\sdl-tower-defense\source\framework\game.cpp(199): warning C4244: 'argument': conversion from 'float' to 'int', possible loss of data
c:\users\pascal\desktop\sdl tower defense\sdl-tower-defense\source\framework\game.cpp(203): warning C4244: 'argument': conversion from 'float' to 'int', possible loss of data
c:\users\pascal\desktop\sdl tower defense\sdl-tower-defense\source\framework\game.cpp(207): warning C4244: 'argument': conversion from 'float' to 'int', possible loss of data
c:\users\pascal\desktop\sdl tower defense\sdl-tower-defense\source\framework\game.cpp(537): warning C4244: 'argument': conversion from 'float' to 'int', possible loss of data
c:\users\pascal\desktop\sdl tower defense\sdl-tower-defense\source\framework\game.cpp(567): warning C4244: 'argument': conversion from 'float' to 'int', possible loss of data
c:\users\pascal\desktop\sdl tower defense\sdl-tower-defense\source\framework\game.cpp(597): warning C4244: 'argument': conversion from 'float' to 'int', possible loss of data
c:\users\pascal\desktop\sdl tower defense\sdl-tower-defense\source\framework\game.cpp(597): warning C4244: 'argument': conversion from 'double' to 'int', possible loss of data
c:\users\pascal\desktop\sdl tower defense\sdl-tower-defense\source\framework\game.cpp(600): warning C4244: 'argument': conversion from 'float' to 'int', possible loss of data
c:\users\pascal\desktop\sdl tower defense\sdl-tower-defense\source\framework\game.cpp(784): warning C4244: 'argument': conversion from 'int' to 'float', possible loss of data
c:\users\pascal\desktop\sdl tower defense\sdl-tower-defense\source\framework\game.cpp(805): warning C4244: 'argument': conversion from 'int' to 'float', possible loss of data
c:\users\pascal\desktop\sdl tower defense\sdl-tower-defense\source\framework\game.cpp(842): warning C4244: 'argument': conversion from 'int' to 'float', possible loss of data
  Framework.vcxproj -> C:\Users\Pascal\Desktop\SDL Tower Defense\SDL-Tower-Defense\Source\Debug\SDL Core.exe
