c:\users\pascal\desktop\vs2017 version\source\framework\debug\vc141.pdb
c:\users\pascal\desktop\vs2017 version\source\framework\debug\vc141.idb
c:\users\pascal\desktop\vs2017 version\source\framework\debug\entity.obj
c:\users\pascal\desktop\vs2017 version\source\framework\debug\explosion.obj
c:\users\pascal\desktop\vs2017 version\source\framework\debug\game.obj
c:\users\pascal\desktop\vs2017 version\source\framework\debug\inputhandler.obj
c:\users\pascal\desktop\vs2017 version\source\framework\debug\logmanager.obj
c:\users\pascal\desktop\vs2017 version\source\framework\debug\main.obj
c:\users\pascal\desktop\vs2017 version\source\framework\debug\particle.obj
c:\users\pascal\desktop\vs2017 version\source\framework\debug\particleemitter.obj
c:\users\pascal\desktop\vs2017 version\source\framework\debug\pathfinding.obj
c:\users\pascal\desktop\vs2017 version\source\framework\debug\playerbullettrailparticle.obj
c:\users\pascal\desktop\vs2017 version\source\framework\debug\position.obj
c:\users\pascal\desktop\vs2017 version\source\framework\debug\projectile.obj
c:\users\pascal\desktop\vs2017 version\source\framework\debug\quadtree.obj
c:\users\pascal\desktop\vs2017 version\source\framework\debug\sprite.obj
c:\users\pascal\desktop\vs2017 version\source\framework\debug\textparticle.obj
c:\users\pascal\desktop\vs2017 version\source\framework\debug\texture.obj
c:\users\pascal\desktop\vs2017 version\source\framework\debug\texturemanager.obj
c:\users\pascal\desktop\vs2017 version\source\framework\debug\tile.obj
c:\users\pascal\desktop\vs2017 version\source\framework\debug\tileheap.obj
c:\users\pascal\desktop\vs2017 version\source\framework\debug\tower.obj
c:\users\pascal\desktop\vs2017 version\source\framework\debug\animatedsprite.obj
c:\users\pascal\desktop\vs2017 version\source\framework\debug\axisalignedboundingbox.obj
c:\users\pascal\desktop\vs2017 version\source\framework\debug\backbuffer.obj
c:\users\pascal\desktop\vs2017 version\source\framework\debug\button.obj
c:\users\pascal\desktop\vs2017 version\source\framework\debug\enemyspawner.obj
c:\users\pascal\desktop\vs2017 version\source\framework\debug\grid.obj
c:\users\pascal\desktop\vs2017 version\source\framework\debug\label.obj
c:\users\pascal\desktop\vs2017 version\source\framework\debug\enemy.obj
c:\users\pascal\desktop\vs2017 version\source\debug\sdl core.pdb
c:\users\pascal\desktop\vs2017 version\source\framework\debug\sdl core.tlog\cl.command.1.tlog
c:\users\pascal\desktop\vs2017 version\source\framework\debug\sdl core.tlog\cl.read.1.tlog
c:\users\pascal\desktop\vs2017 version\source\framework\debug\sdl core.tlog\cl.write.1.tlog
c:\users\pascal\desktop\vs2017 version\source\framework\debug\sdl core.tlog\link-cvtres.read.1.tlog
c:\users\pascal\desktop\vs2017 version\source\framework\debug\sdl core.tlog\link-cvtres.write.1.tlog
c:\users\pascal\desktop\vs2017 version\source\framework\debug\sdl core.tlog\link-rc.read.1.tlog
c:\users\pascal\desktop\vs2017 version\source\framework\debug\sdl core.tlog\link-rc.write.1.tlog
c:\users\pascal\desktop\vs2017 version\source\framework\debug\sdl core.tlog\link.command.1.tlog
c:\users\pascal\desktop\vs2017 version\source\framework\debug\sdl core.tlog\link.read.1.tlog
c:\users\pascal\desktop\vs2017 version\source\framework\debug\sdl core.tlog\link.write.1.tlog
